13:36:36.182 [TestNG-test=Test-1] INFO  resources.baseTest - Forgot Password button is clicked
13:36:36.199 [TestNG-test=Test-1] DEBUG resources.baseTest - Sending keys in email field
13:36:36.232 [TestNG-test=Test-2] INFO  resources.baseTest - Navigation Bar validated
13:36:36.366 [TestNG-test=Test-1] INFO  resources.baseTest - Email id is provided
13:36:36.367 [TestNG-test=Test-1] DEBUG resources.baseTest - Clicking on Send Me Instruction button
13:36:36.478 [TestNG-test=Test-1] INFO  resources.baseTest - Send Me Instruction button is clicked
13:36:48.199 [TestNG-test=Test-1] INFO  resources.baseTest - Driver is initialised
13:36:57.501 [TestNG-test=Test-1] INFO  resources.baseTest - Hitting the url
13:36:57.502 [TestNG-test=Test-1] DEBUG resources.baseTest - Clicking on Login link
13:37:02.723 [TestNG-test=Test-1] INFO  resources.baseTest - Login Link is clicked
13:37:02.723 [TestNG-test=Test-1] DEBUG resources.baseTest - Sending keys in email field
13:37:02.954 [TestNG-test=Test-1] INFO  resources.baseTest - Email id is provided
13:37:02.954 [TestNG-test=Test-1] DEBUG resources.baseTest - Sending keys in password field
13:37:03.137 [TestNG-test=Test-1] INFO  resources.baseTest - password is provided
13:37:03.137 [TestNG-test=Test-1] DEBUG resources.baseTest - Clicking on Login button
13:37:03.467 [TestNG-test=Test-1] INFO  resources.baseTest - Login button is clicked
13:37:03.467 [TestNG-test=Test-1] DEBUG resources.baseTest - Clicking on Forgot Password button
13:37:03.872 [TestNG-test=Test-1] INFO  resources.baseTest - Forgot Password button is clicked
13:37:03.872 [TestNG-test=Test-1] DEBUG resources.baseTest - Sending keys in email field
13:37:04.014 [TestNG-test=Test-1] INFO  resources.baseTest - Email id is provided
13:37:04.015 [TestNG-test=Test-1] DEBUG resources.baseTest - Clicking on Send Me Instruction button
13:37:04.142 [TestNG-test=Test-1] INFO  resources.baseTest - Send Me Instruction button is clicked
13:37:17.004 [TestNG-test=Test-1] INFO  resources.baseTest - Driver is initialised
13:37:26.559 [TestNG-test=Test-1] INFO  resources.baseTest - Hitting the url
13:37:26.560 [TestNG-test=Test-1] DEBUG resources.baseTest - Clicking on Login link
13:37:31.656 [TestNG-test=Test-1] INFO  resources.baseTest - Login Link is clicked
13:37:31.657 [TestNG-test=Test-1] DEBUG resources.baseTest - Sending keys in email field
13:37:31.993 [TestNG-test=Test-1] INFO  resources.baseTest - Email id is provided
13:37:31.993 [TestNG-test=Test-1] DEBUG resources.baseTest - Sending keys in password field
13:37:32.146 [TestNG-test=Test-1] INFO  resources.baseTest - password is provided
13:37:32.147 [TestNG-test=Test-1] DEBUG resources.baseTest - Clicking on Login button
13:37:32.537 [TestNG-test=Test-1] INFO  resources.baseTest - Login button is clicked
13:37:33.010 [TestNG-test=Test-1] INFO  resources.baseTest - Closing the browser
13:37:45.496 [TestNG-test=Test-1] INFO  resources.baseTest - Driver is initialised
13:37:54.347 [TestNG-test=Test-1] INFO  resources.baseTest - Hitting the url
13:37:54.347 [TestNG-test=Test-1] DEBUG resources.baseTest - Clicking on Login link
13:37:56.458 [TestNG-test=Test-1] INFO  resources.baseTest - Login Link is clicked
13:37:56.459 [TestNG-test=Test-1] DEBUG resources.baseTest - Sending keys in email field
13:37:56.697 [TestNG-test=Test-1] INFO  resources.baseTest - Email id is provided
13:37:56.697 [TestNG-test=Test-1] DEBUG resources.baseTest - Sending keys in password field
13:37:56.804 [TestNG-test=Test-1] INFO  resources.baseTest - password is provided
13:37:56.804 [TestNG-test=Test-1] DEBUG resources.baseTest - Clicking on Login button
13:37:57.126 [TestNG-test=Test-1] INFO  resources.baseTest - Login button is clicked
13:37:57.371 [TestNG-test=Test-1] INFO  resources.baseTest - Closing the browser
11:12:15.743 [TestNG-test=Test-2] INFO  resources.baseTest - Driver is initialised
11:12:15.803 [TestNG-test=Test-1] INFO  resources.baseTest - Driver is initialised
11:12:21.383 [TestNG-test=Test-2] INFO  resources.baseTest - Hitting the url
11:12:21.581 [TestNG-test=Test-2] INFO  resources.baseTest - Navigation Bar validated
