11:12:21.718 [TestNG-test=Test-1] INFO  resources.baseTest - Hitting the url
11:12:21.750 [TestNG-test=Test-1] DEBUG resources.baseTest - Clicking on Login link
11:12:23.171 [TestNG-test=Test-1] INFO  resources.baseTest - Login Link is clicked
11:12:23.172 [TestNG-test=Test-1] DEBUG resources.baseTest - Sending keys in email field
11:12:23.628 [TestNG-test=Test-1] INFO  resources.baseTest - Email id is provided
11:12:23.628 [TestNG-test=Test-1] DEBUG resources.baseTest - Sending keys in password field
11:12:23.857 [TestNG-test=Test-1] INFO  resources.baseTest - password is provided
11:12:23.857 [TestNG-test=Test-1] DEBUG resources.baseTest - Clicking on Login button
11:12:24.310 [TestNG-test=Test-1] INFO  resources.baseTest - Login button is clicked
11:12:24.311 [TestNG-test=Test-1] DEBUG resources.baseTest - Clicking on Forgot Password button
11:12:25.010 [TestNG-test=Test-1] INFO  resources.baseTest - Forgot Password button is clicked
11:12:25.011 [TestNG-test=Test-1] DEBUG resources.baseTest - Sending keys in email field
11:12:25.257 [TestNG-test=Test-1] INFO  resources.baseTest - Email id is provided
11:12:25.258 [TestNG-test=Test-1] DEBUG resources.baseTest - Clicking on Send Me Instruction button
11:12:25.393 [TestNG-test=Test-1] INFO  resources.baseTest - Send Me Instruction button is clicked
11:12:28.806 [TestNG-test=Test-1] INFO  resources.baseTest - Driver is initialised
11:12:34.655 [TestNG-test=Test-1] INFO  resources.baseTest - Hitting the url
11:12:34.656 [TestNG-test=Test-1] DEBUG resources.baseTest - Clicking on Login link
11:12:35.676 [TestNG-test=Test-1] INFO  resources.baseTest - Login Link is clicked
11:12:35.677 [TestNG-test=Test-1] DEBUG resources.baseTest - Sending keys in email field
11:12:35.834 [TestNG-test=Test-1] INFO  resources.baseTest - Email id is provided
11:12:35.834 [TestNG-test=Test-1] DEBUG resources.baseTest - Sending keys in password field
11:12:36.026 [TestNG-test=Test-1] INFO  resources.baseTest - password is provided
11:12:36.026 [TestNG-test=Test-1] DEBUG resources.baseTest - Clicking on Login button
11:12:36.263 [TestNG-test=Test-1] INFO  resources.baseTest - Login button is clicked
11:12:36.263 [TestNG-test=Test-1] DEBUG resources.baseTest - Clicking on Forgot Password button
11:12:36.588 [TestNG-test=Test-1] INFO  resources.baseTest - Forgot Password button is clicked
11:12:36.588 [TestNG-test=Test-1] DEBUG resources.baseTest - Sending keys in email field
11:12:36.796 [TestNG-test=Test-1] INFO  resources.baseTest - Email id is provided
11:12:36.796 [TestNG-test=Test-1] DEBUG resources.baseTest - Clicking on Send Me Instruction button
11:12:36.892 [TestNG-test=Test-1] INFO  resources.baseTest - Send Me Instruction button is clicked
11:12:43.153 [TestNG-test=Test-1] INFO  resources.baseTest - Driver is initialised
11:12:46.928 [TestNG-test=Test-1] INFO  resources.baseTest - Hitting the url
11:12:46.929 [TestNG-test=Test-1] DEBUG resources.baseTest - Clicking on Login link
11:12:48.022 [TestNG-test=Test-1] INFO  resources.baseTest - Login Link is clicked
11:12:48.023 [TestNG-test=Test-1] DEBUG resources.baseTest - Sending keys in email field
11:12:48.158 [TestNG-test=Test-1] INFO  resources.baseTest - Email id is provided
11:12:48.158 [TestNG-test=Test-1] DEBUG resources.baseTest - Sending keys in password field
11:12:48.395 [TestNG-test=Test-1] INFO  resources.baseTest - password is provided
11:12:48.396 [TestNG-test=Test-1] DEBUG resources.baseTest - Clicking on Login button
11:12:48.695 [TestNG-test=Test-1] INFO  resources.baseTest - Login button is clicked
11:12:49.080 [TestNG-test=Test-1] INFO  resources.baseTest - Closing the browser
11:12:52.480 [TestNG-test=Test-1] INFO  resources.baseTest - Driver is initialised
11:12:53.445 [TestNG-test=Test-1] INFO  resources.baseTest - Hitting the url
11:12:53.446 [TestNG-test=Test-1] DEBUG resources.baseTest - Clicking on Login link
14:19:44.869 [TestNG-test=Test-1] INFO  resources.baseTest - Driver is initialised
14:19:44.981 [TestNG-test=Test-2] INFO  resources.baseTest - Driver is initialised
